Arguments: 
  /usr/local/bin/node /opt/yarn-v1.22.19/bin/yarn.js start

PATH: 
  /usr/local/share/nvm/current/bin:/usr/local/share/npm-global/bin:/usr/local/sbin:/usr/local/bin:/usr/sbin:/usr/bin:/sbin:/bin:/root/.local/bin

Yarn version: 
  1.22.19

Node version: 
  20.10.0

Platform: 
  linux x64

Trace: 
  SyntaxError: /workspaces/BeachHouseEDI/package.json: Expected double-quoted property name in JSON at position 58
      at JSON.parse (<anonymous>)
      at /opt/yarn-v1.22.19/lib/cli.js:1629:59
      at Generator.next (<anonymous>)
      at step (/opt/yarn-v1.22.19/lib/cli.js:310:30)
      at /opt/yarn-v1.22.19/lib/cli.js:321:13

npm manifest: 
  {
    "dependencies": {
      "package-json": "^9.0.0"
    },
    {
      "license": "(MIT OR Apache-2.0)"
    }
  }

yarn manifest: 
  No manifest

Lockfile: 
  No lockfile
